[2023-10-16 08:40:29,230] 24 root -INFO -Data ingestion starts
[2023-10-16 08:40:29,230] 28 root -INFO -Dataset readed
[2023-10-16 08:40:29,230] 18 root -INFO -fetching data from Mongo DB has started
[2023-10-16 08:40:29,354] 38 root -INFO -Train test split
[2023-10-16 08:40:29,362] 41 root -INFO -X_train DataFrame Head:
      age     sex   bmi  children smoker     region
1322   62    male  38.8         0     no  southeast
505    37    male  30.9         3     no  northwest
1121   46    male  38.2         2     no  southeast
674    44  female  43.9         2    yes  southeast
119    37  female  23.4         2     no  northwest
[2023-10-16 08:40:29,367] 49 root -INFO -Ingestion of data completed
[2023-10-16 08:40:29,367] 64 root -INFO -Data transformastion statrts
[2023-10-16 08:40:29,380] 67 root -INFO -Read train and test data
[2023-10-16 08:40:29,381] 68 root -INFO -Train DataFrame head
   age     sex   bmi  children smoker     region  expenses
0   62    male  38.8         0     no  southeast  12981.35
1   37    male  30.9         3     no  northwest   6796.86
2   46    male  38.2         2     no  southeast   8347.16
3   44  female  43.9         2    yes  southeast  46200.99
4   37  female  23.4         2     no  northwest   6686.43
[2023-10-16 08:40:29,382] 69 root -INFO -Test DataFrame Head:
   age     sex   bmi  children smoker     region  expenses
0   36  female  25.8         0     no  northwest   5266.37
1   36  female  25.9         1     no  southwest   5472.45
2   52  female  23.2         0     no  northeast  10197.77
3   36    male  28.0         1    yes  northeast  20773.63
4   45  female  35.3         0     no  southwest   7348.14
[2023-10-16 08:40:29,382] 70 root -INFO -starting Pipeline
[2023-10-16 08:40:29,382] 28 root -INFO -Data Transformation initiated
[2023-10-16 08:40:29,382] 34 root -INFO -Pipeline has started
[2023-10-16 08:40:29,382] 74 root -INFO -Splitting train data as input target
[2023-10-16 08:40:29,383] 101 root -INFO -Error occurred in initiate DataTransformation
